<?xml version="1.0" encoding="UTF-8"?>
<testng-results ignored="0" total="2" passed="2" failed="0" skipped="0">
  <reporter-output>
  </reporter-output>
  <suite started-at="2024-01-14T20:43:44 CET" name="Command line suite" finished-at="2024-01-14T20:43:49 CET" duration-ms="5436">
    <groups>
    </groups>
    <test started-at="2024-01-14T20:43:44 CET" name="Command line test" finished-at="2024-01-14T20:43:49 CET" duration-ms="5436">
      <class name="testsLogin.LoginSuccessTest">
        <test-method is-config="true" signature="setUp()[pri:0, instance:testsLogin.LoginSuccessTest@3c0a50da]" started-at="2024-01-14T20:43:47 CET" name="setUp" finished-at="2024-01-14T20:43:48 CET" duration-ms="893" status="PASS">
          <reporter-output>
          </reporter-output>
        </test-method> <!-- setUp -->
        <test-method signature="testLoginSuccess()[pri:0, instance:testsLogin.LoginSuccessTest@3c0a50da]" started-at="2024-01-14T20:43:48 CET" name="testLoginSuccess" finished-at="2024-01-14T20:43:49 CET" duration-ms="877" status="PASS">
          <reporter-output>
          </reporter-output>
        </test-method> <!-- testLoginSuccess -->
        <test-method is-config="true" signature="tearDown()[pri:0, instance:testsLogin.LoginSuccessTest@3c0a50da]" started-at="2024-01-14T20:43:49 CET" name="tearDown" finished-at="2024-01-14T20:43:49 CET" duration-ms="1" status="PASS">
          <reporter-output>
          </reporter-output>
        </test-method> <!-- tearDown -->
      </class> <!-- testsLogin.LoginSuccessTest -->
      <class name="testsLogin.LoginFailTest">
        <test-method is-config="true" signature="setUp()[pri:0, instance:testsLogin.LoginFailTest@45afc369]" started-at="2024-01-14T20:43:44 CET" name="setUp" finished-at="2024-01-14T20:43:46 CET" duration-ms="2403" status="PASS">
          <reporter-output>
          </reporter-output>
        </test-method> <!-- setUp -->
        <test-method signature="testLoginFail()[pri:0, instance:testsLogin.LoginFailTest@45afc369]" started-at="2024-01-14T20:43:46 CET" name="testLoginFail" finished-at="2024-01-14T20:43:47 CET" duration-ms="929" status="PASS">
          <reporter-output>
          </reporter-output>
        </test-method> <!-- testLoginFail -->
        <test-method is-config="true" signature="tearDown(org.testng.ITestResult)[pri:0, instance:testsLogin.LoginFailTest@45afc369]" started-at="2024-01-14T20:43:47 CET" name="tearDown" finished-at="2024-01-14T20:43:47 CET" duration-ms="273" status="PASS">
          <params>
            <param index="0">
              <value>
                <![CDATA[[TestResult name=testLoginFail status=SUCCESS method=LoginFailTest.testLoginFail()[pri:0, instance:testsLogin.LoginFailTest@45afc369] output={null}]]]>
              </value>
            </param>
          </params>
          <reporter-output>
          </reporter-output>
        </test-method> <!-- tearDown -->
      </class> <!-- testsLogin.LoginFailTest -->
    </test> <!-- Command line test -->
  </suite> <!-- Command line suite -->
</testng-results>
